<?xml version="1.0" encoding="UTF-8"?>
<!-- Generated by org.testng.reporters.JUnitXMLReporter -->
<testsuite hostname="Dell123" ignored="0" name="Default test" tests="4" failures="0" timestamp="2023-08-23T23:50:00 IST" time="14.345" errors="0">
  <testcase name="testPostUser" time="5.07" classname="api.test.UserTest"/>
  <testcase name="testGetUserByName" time="2.0" classname="api.test.UserTest"/>
  <testcase name="testupdateUserByName" time="4.28" classname="api.test.UserTest"/>
  <testcase name="testDeleteUserByName" time="2.547" classname="api.test.UserTest"/>
</testsuite> <!-- Default test -->
