<?xml version="1.0" encoding="UTF-8"?>
<!-- Generated by org.testng.reporters.JUnitXMLReporter -->
<testsuite hostname="Dell123" ignored="0" name="Test" tests="4" failures="0" timestamp="2023-08-24T13:36:58 IST" time="11.623" errors="0">
  <testcase name="testPostUser" time="4.232" classname="api.test.UserTest1"/>
  <testcase name="testGetUserByName" time="1.735" classname="api.test.UserTest1"/>
  <testcase name="testupdateUserByName" time="3.456" classname="api.test.UserTest1"/>
  <testcase name="testDeleteUserByName" time="1.625" classname="api.test.UserTest1"/>
</testsuite> <!-- Test -->
